This is pdfTeXk, Version 3.141592-1.40.3 (Web2C 7.5.6) (format=pdflatex 2015.9.27)  11 JUL 2016 17:16
entering extended mode
 %&-line parsing enabled.
**lunar_table.tex
(./lunar_table.tex
LaTeX2e <2005/12/01>
Babel <v3.8h> and hyphenation patterns for english, usenglishmax, dumylang, noh
yphenation, arabic, basque, bulgarian, coptic, welsh, czech, slovak, german, ng
erman, danish, esperanto, spanish, catalan, galician, estonian, farsi, finnish,
 french, greek, monogreek, ancientgreek, croatian, hungarian, interlingua, ibyc
us, indonesian, icelandic, italian, latin, mongolian, dutch, norsk, polish, por
tuguese, pinyin, romanian, russian, slovenian, uppersorbian, serbian, swedish, 
turkish, ukenglish, ukrainian, loaded.
(./standalone.cls
Document Class: standalone 2015/07/15 v1.2 Class to compile TeX sub-files stand
alone
(/usr/share/texmf/tex/generic/oberdiek/ifpdf.sty
Package: ifpdf 2006/02/20 v1.4 Provides the ifpdf switch (HO)
Package ifpdf Info: pdfTeX in pdf mode detected.
)
(/usr/share/texmf/tex/latex/xkeyval/xkeyval.sty
Package: xkeyval 2006/11/18 v2.5f package option processing (HA)

(/usr/share/texmf/tex/latex/xkeyval/xkeyval.tex
\XKV@toks=\toks14
\XKV@depth=\count79
File: xkeyval.tex 2006/11/18 v2.5f key=value parser (HA)

(/usr/share/texmf/tex/latex/xkeyval/keyval.tex)))
\sa@internal=\count80
\c@sapage=\count81
 (./standalone.cfg
File: standalone.cfg 2015/07/15 v1.2 Default configuration file for 'standalone
' class
)
(/usr/share/texmf/tex/latex/base/article.cls
Document Class: article 2005/09/16 v1.4f Standard LaTeX document class
(/usr/share/texmf/tex/latex/base/size10.clo
File: size10.clo 2005/09/16 v1.4f Standard LaTeX file (size option)
)
\c@part=\count82
\c@section=\count83
\c@subsection=\count84
\c@subsubsection=\count85
\c@paragraph=\count86
\c@subparagraph=\count87
\c@figure=\count88
\c@table=\count89
\abovecaptionskip=\skip41
\belowcaptionskip=\skip42
\bibindent=\dimen102
)
\sa@box=\box26
) (./csvsimple.sty
Package: csvsimple 2016/07/01 version 1.20 LaTeX CSV file processing
 (./pgfkeys.sty
(./pgfkeys.code.tex
\pgfkeys@pathtoks=\toks15
\pgfkeys@temptoks=\toks16
 (./pgfkeysfiltered.code.tex
\pgfkeys@tmptoks=\toks17
)))
(/usr/share/texmf/tex/latex/base/ifthen.sty
Package: ifthen 2001/05/26 v1.1c Standard LaTeX ifthen package (DPC)
) (./etoolbox.sty
Package: etoolbox 2015/08/02 v2.2a e-TeX tools for LaTeX (JAW)

(/usr/share/texmf/tex/latex/etex/etex.sty
Package: etex 1998/03/26 v2.0 eTeX basic definition package (PEB)
\et@xins=\count90
)
\etb@tempcnta=\count91
)

! LaTeX Error: File `shellesc.sty' not found.

Type X to quit or <RETURN> to proceed,
or enter new name. (Default extension: sty)

Enter file name: x

 ) )
(\end occurred when \ifx on line 24 was incomplete)
(\end occurred when \ifx on line 24 was incomplete) 
Here is how much of TeX's memory you used:
 1472 strings out of 256214
 25326 string characters out of 1917000
 78774 words of memory out of 1500000
 4807 multiletter control sequences out of 10000+200000
 3640 words of font info for 14 fonts, out of 1200000 for 2000
 645 hyphenation exceptions out of 8191
 40i,1n,56p,801b,36s stack positions out of 5000i,500n,6000p,200000b,15000s

No pages of output.
PDF statistics:
 0 PDF objects out of 1000 (max. 8388607)
 0 named destinations out of 1000 (max. 131072)
 1 words of extra memory for PDF output out of 10000 (max. 10000000)

